<?xml version="1.0" encoding="UTF-8"?>
<!-- Generated by org.testng.reporters.JUnitReportReporter -->
<testsuite hostname="MY-SPECTRE" failures="0" tests="3" name="com.crm.qa.testcases.LoginPageTest" time="18.725" errors="0" timestamp="2022-02-02T13:24:39 NST" skipped="0">
  <testcase classname="com.crm.qa.testcases.LoginPageTest" name="loginPageTitleTest" time="4.885"/>
  <system-out/>
  <testcase classname="com.crm.qa.testcases.LoginPageTest" name="validateSubscriptButtonTest" time="7.231"/>
  <system-out/>
  <testcase classname="com.crm.qa.testcases.LoginPageTest" name="loginTest" time="6.609"/>
  <system-out/>
</testsuite> <!-- com.crm.qa.testcases.LoginPageTest -->
