<?xml version="1.0" encoding="UTF-8"?>
<!-- Generated by org.testng.reporters.JUnitReportReporter -->
<testsuite hostname="MY-SPECTRE" failures="0" tests="1" name="com.crm.qa.testcases.ContactsPageTest" time="0.000" errors="0" timestamp="2022-02-02T19:56:30 NST" skipped="1">
  <testcase classname="com.crm.qa.testcases.ContactsPageTest" name="clickOnCreateNewContactTest" time="0.000">
    <skipped/>
  </testcase> <!-- clickOnCreateNewContactTest -->
  <system-out/>
</testsuite> <!-- com.crm.qa.testcases.ContactsPageTest -->
