<?xml version="1.0" encoding="UTF-8"?>
<!-- Generated by org.testng.reporters.JUnitReportReporter -->
<testsuite hostname="MY-SPECTRE" failures="0" tests="3" name="com.crm.qa.testcases.HomePageTest" time="22.116" errors="0" timestamp="2022-02-02T13:24:39 NST" skipped="0">
  <testcase classname="com.crm.qa.testcases.HomePageTest" name="verifyHomePageTitleTest" time="6.184"/>
  <system-out/>
  <testcase classname="com.crm.qa.testcases.HomePageTest" name="verifyNameLabelTest" time="7.874"/>
  <system-out/>
  <testcase classname="com.crm.qa.testcases.HomePageTest" name="verifyContactsLinkTest" time="8.058"/>
  <system-out/>
</testsuite> <!-- com.crm.qa.testcases.HomePageTest -->
